4768
0 0 7 0
8 0 16 0
17 0 17 8
18 0 18 8
19 0 19 11
20 0 20 9
21 0 21 8
22 0 33 0
34 0 38 1
39 0 40 4
41 0 41 9
42 0 53 0
29 1 29 11
15 1 15 9
1 1 11 1
0 1 0 11
12 1 12 8
13 1 13 8
16 1 16 10
22 1 22 11
23 1 23 8
24 1 24 9
25 1 25 10
26 1 26 8
27 1 27 9
28 1 28 8
30 1 30 10
31 1 31 10
32 1 32 8
33 1 33 9
42 1 51 1
34 2 38 3
42 2 50 2
42 3 50 3
35 4 35 12
36 4 37 8
38 4 38 12
42 4 53 4
39 5 39 13
40 5 40 14
42 5 51 5
42 6 50 6
42 7 52 7
42 8 53 8
32 9 32 18
18 9 18 17
11 2 11 12
1 2 1 10
2 2 3 6
4 2 4 10
5 2 5 10
6 2 6 10
7 2 7 9
8 2 8 9
9 2 9 12
10 2 10 10
14 2 14 13
12 9 12 16
2 7 3 12
7 10 7 18
17 9 17 16
21 9 21 19
23 9 23 18
26 9 26 17
28 9 28 16
42 9 52 9
33 10 33 17
20 10 20 17
8 10 8 17
15 10 15 18
27 10 27 21
36 10 36 21
37 10 37 21
41 10 52 10
30 11 30 18
16 11 16 21
4 11 4 18
1 11 1 21
5 11 5 21
6 11 6 21
10 11 10 18
13 11 13 22
24 11 25 16
31 11 31 20
41 11 49 11
29 12 29 21
19 12 19 23
22 12 22 19
9 13 9 20
0 12 0 19
2 13 2 20
3 13 3 21
11 13 11 23
14 14 14 22
12 17 12 27
17 17 17 24
24 17 24 24
34 13 35 17
41 12 48 12
49 12 57 12
38 13 38 20
41 13 48 13
49 13 58 13
39 14 39 21
41 14 49 14
40 15 49 15
40 16 47 16
48 16 59 16
40 17 47 17
28 17 28 27
25 17 25 24
18 18 18 25
8 18 8 29
20 18 20 25
26 18 26 27
33 18 33 25
34 18 35 21
40 18 47 18
48 17 55 17
48 18 48 27
49 18 49 26
40 19 41 22
32 19 32 28
23 19 23 26
10 19 10 29
4 19 4 27
7 19 7 28
15 19 15 29
21 20 21 27
22 20 22 27
9 21 9 28
0 20 0 28
2 21 2 29
1 22 1 29
3 22 3 29
5 22 5 32
6 22 6 31
16 22 16 30
27 22 27 29
30 21 31 24
42 19 42 28
43 19 44 23
45 19 45 26
46 19 46 28
47 19 47 26
38 21 38 31
29 22 29 32
34 22 35 27
36 22 36 29
37 22 37 33
39 22 39 29
41 23 41 30
40 24 40 35
43 24 43 33
44 24 44 32
45 27 45 35
47 27 47 34
49 27 57 27
48 28 56 28
34 28 34 36
24 25 24 33
13 23 13 31
14 23 14 31
11 24 11 34
19 24 19 31
17 25 17 32
25 25 25 32
18 26 18 34
20 26 20 36
30 26 30 37
23 27 23 34
12 28 12 35
21 28 21 36
22 28 22 35
26 28 26 35
28 28 28 35
35 28 35 35
31 29 32 34
42 29 42 36
46 29 46 38
48 29 55 29
36 30 36 39
48 30 58 30
39 31 39 42
33 31 33 42
41 31 41 39
48 31 56 31
38 32 38 39
48 32 59 32
44 33 44 42
48 33 58 33
37 34 37 41
25 33 25 42
15 30 15 38
7 29 7 37
9 29 9 36
0 30 1 34
2 30 2 39
3 30 3 39
4 30 4 41
8 30 8 37
10 30 10 38
16 31 16 39
6 32 6 40
13 32 13 40
14 32 14 39
19 32 19 40
27 33 27 44
29 33 29 42
24 34 24 43
11 35 11 42
5 33 5 41
0 35 0 44
1 35 1 42
9 37 9 48
17 35 17 46
18 35 18 42
23 35 23 46
31 35 31 43
32 35 32 44
43 35 43 46
48 34 57 34
47 35 54 35
35 36 35 47
22 36 22 43
26 36 26 44
28 36 28 45
40 36 40 46
45 36 45 43
47 36 54 36
34 37 34 45
20 37 21 41
7 38 7 46
8 38 8 48
10 39 10 48
2 40 2 47
3 40 3 51
12 40 12 51
14 40 14 47
15 40 15 51
16 40 16 48
30 40 30 51
38 40 38 47
47 37 54 37
47 38 55 38
46 39 55 39
41 40 41 47
42 40 42 51
46 40 57 40
46 41 53 41
36 42 36 53
37 42 37 50
46 42 53 42
33 43 33 50
20 42 20 51
13 41 13 48
6 41 6 52
19 41 19 52
21 42 21 49
18 43 18 51
4 43 4 53
1 43 1 50
11 44 11 55
22 44 22 51
25 43 25 50
39 43 39 51
44 43 44 51
46 43 54 43
45 44 53 44
32 45 32 54
24 44 24 52
26 45 26 52
27 45 27 54
28 46 28 53
29 46 29 57
34 46 34 53
45 45 45 53
46 45 46 54
47 45 52 46
40 47 40 56
43 47 43 54
47 47 55 47
35 48 35 56
23 47 23 57
17 47 17 54
5 47 5 58
0 45 0 55
7 47 7 55
2 48 2 59
8 49 8 56
14 49 14 56
13 49 13 58
9 49 9 59
16 49 16 60
10 49 10 59
1 51 1 61
3 52 3 60
15 52 15 62
21 50 21 58
31 50 31 60
38 50 38 57
41 50 41 59
37 51 37 62
25 51 25 58
33 51 33 58
42 52 42 60
30 52 30 62
18 52 18 59
20 52 20 60
22 52 22 59
12 53 12 64
6 53 6 60
19 53 19 60
24 53 24 62
26 53 26 62
28 54 28 62
34 54 34 63
44 52 44 59
47 52 47 59
36 54 36 61
39 54 39 65
45 54 45 64
48 54 48 61
43 55 43 62
32 55 32 63
27 55 27 66
17 55 17 66
4 54 4 63
0 56 0 66
7 56 7 64
11 56 11 64
8 57 8 65
14 57 14 66
23 58 23 65
35 57 35 66
46 57 46 68
38 58 38 66
29 58 29 68
40 58 40 69
49 59 58 59
41 60 41 69
44 60 44 69
47 60 47 71
49 60 57 60
42 61 42 68
31 61 31 71
21 59 21 67
13 59 13 67
5 59 5 70
2 60 2 67
9 60 10 64
18 60 18 67
22 60 22 69
25 60 25 71
16 61 16 68
3 61 3 68
6 61 6 72
19 61 19 70
20 61 20 72
33 61 33 72
36 62 36 69
49 61 59 61
48 62 55 62
48 63 59 63
48 64 57 64
45 65 45 76
32 64 32 72
24 63 24 70
15 63 15 72
1 63 1 74
4 64 4 71
9 65 9 76
10 65 10 72
11 65 11 76
12 65 12 76
26 65 26 72
28 63 28 72
30 63 30 70
23 66 23 73
34 66 34 77
37 66 37 77
48 65 59 65
39 66 39 73
48 66 58 66
35 67 35 78
38 67 38 76
48 67 56 67
48 68 57 68
42 69 42 80
29 69 29 79
17 67 17 75
7 66 7 77
8 66 8 73
0 67 0 76
14 67 14 75
2 68 2 78
13 68 13 75
21 68 21 75
22 70 22 77
36 70 36 80
43 69 43 80
46 69 46 77
48 69 55 69
40 70 40 79
41 70 41 79
44 70 44 80
48 70 55 70
48 71 56 71
47 72 54 72
47 73 55 73
33 73 33 80
24 71 24 78
18 71 18 82
5 71 5 79
3 70 3 81
4 72 4 81
16 72 16 83
19 71 19 78
30 71 30 80
25 72 25 82
31 72 31 81
20 73 20 82
6 73 6 82
10 73 10 82
15 73 15 83
26 73 26 82
28 73 28 80
32 73 32 84
23 74 23 81
27 74 27 85
39 75 39 86
47 74 55 74
47 75 56 75
47 76 54 76
45 77 45 86
47 77 47 84
48 77 48 84
49 77 60 77
37 78 37 86
34 78 34 88
21 77 21 84
8 76 8 87
1 75 1 86
13 76 13 86
14 76 14 87
17 76 17 83
9 77 9 86
0 77 0 86
11 77 11 86
7 78 7 88
12 78 12 89
22 78 22 88
19 79 19 87
24 79 24 86
35 79 35 88
38 78 38 89
49 78 59 78
49 79 57 79
40 80 40 88
29 80 29 87
41 80 41 88
46 80 46 91
49 80 57 80
36 81 36 92
30 81 30 88
42 81 43 86
44 81 44 91
49 81 57 81
49 82 49 92
47 85 47 92
33 85 33 95
23 82 23 89
31 82 31 93
18 83 18 91
5 82 5 92
2 79 2 86
3 82 3 89
6 83 6 91
10 83 10 90
20 83 20 90
25 83 25 93
26 83 26 91
15 84 15 91
4 84 4 95
16 84 16 94
17 85 17 96
21 85 21 92
32 85 32 92
27 86 27 96
24 87 24 94
11 87 11 97
0 87 0 96
1 87 1 96
2 87 2 95
9 87 9 95
13 87 13 96
8 88 8 96
14 88 14 95
19 88 19 95
28 87 28 98
37 87 37 96
48 85 48 92
39 87 39 94
42 87 42 95
43 87 43 97
45 87 45 97
34 89 35 93
29 88 29 96
22 89 22 97
30 89 30 96
40 89 40 96
41 89 41 96
38 90 38 97
26 92 26 100
23 90 23 101
12 90 12 100
7 89 7 97
3 90 3 101
10 91 10 98
20 91 20 102
15 92 15 102
6 92 6 99
18 92 18 101
5 93 5 101
16 95 16 104
21 93 21 101
32 93 32 100
44 92 44 100
46 92 46 100
36 93 36 100
47 93 56 93
34 94 35 99
25 94 25 102
31 94 31 104
24 95 24 103
19 96 19 107
33 96 33 104
39 95 39 104
47 94 56 94
47 95 55 95
42 96 42 105
47 96 55 96
37 97 37 107
29 97 29 104
17 97 17 107
8 97 8 108
2 96 2 103
0 97 0 107
1 97 1 105
13 97 13 104
4 98 4 109
7 98 7 106
11 98 11 108
22 98 22 106
30 97 30 105
40 97 40 108
41 97 41 106
47 97 54 97
38 98 38 105
43 98 43 105
47 98 54 98
49 99 50 104
47 99 47 109
48 99 48 110
45 98 45 105
9 100 9 111
10 100 10 108
14 100 14 111
27 100 27 111
28 100 28 107
35 100 35 111
26 101 26 109
12 101 12 110
3 102 3 111
5 102 5 113
18 102 18 110
21 102 21 113
32 101 32 108
44 101 44 110
34 103 34 114
23 102 23 110
15 103 15 110
20 103 20 111
25 103 25 110
24 104 24 115
13 105 13 112
2 104 2 111
6 105 6 116
16 105 16 113
29 105 29 113
31 105 31 116
33 105 33 114
36 105 36 116
39 105 39 112
42 106 42 116
30 106 30 115
43 106 43 114
45 106 45 117
41 107 41 115
46 107 46 118
37 108 37 116
28 108 28 115
22 107 22 117
10 109 11 113
1 106 1 113
7 107 7 115
0 108 0 116
8 109 8 118
4 110 4 117
12 111 12 121
15 111 15 120
18 111 18 119
25 111 25 118
32 109 32 120
38 111 38 122
47 110 47 117
44 111 44 118
48 111 57 111
35 112 35 119
26 112 26 123
14 112 14 119
2 112 2 119
3 112 3 119
9 112 9 119
19 112 20 116
27 112 27 119
40 112 40 123
48 112 56 112
39 113 39 120
48 113 55 113
48 114 56 114
48 115 56 115
34 115 34 123
21 114 21 123
13 113 13 120
1 114 1 124
5 114 5 125
10 114 10 122
11 114 11 124
16 114 16 122
29 114 29 122
17 115 17 126
7 116 7 125
0 117 0 126
6 117 6 124
19 117 19 126
23 116 24 121
30 116 30 123
33 116 33 127
41 116 41 125
48 116 55 116
36 117 36 125
31 117 31 128
37 117 37 125
42 117 42 125
48 117 57 117
43 118 43 129
45 118 45 127
47 118 54 118
44 119 44 128
46 119 54 119
35 120 35 129
22 119 22 127
8 119 8 127
2 120 2 130
3 120 3 128
4 120 4 131
9 120 9 130
14 120 14 127
25 119 25 129
27 120 27 130
15 121 15 130
13 121 13 128
18 121 18 132
32 121 32 130
39 121 39 128
46 120 55 120
46 121 46 129
47 121 47 129
48 121 59 121
48 122 56 122
38 123 38 133
24 123 24 132
12 122 12 133
23 122 23 133
16 123 16 130
20 123 20 134
29 123 29 133
21 124 21 131
26 124 26 134
30 124 30 135
34 124 34 132
40 124 40 134
48 123 48 131
49 123 49 130
41 126 42 131
36 126 36 135
37 126 37 136
33 128 33 139
19 128 19 135
10 125 11 130
6 125 6 133
5 126 5 134
7 126 7 133
0 127 0 135
1 128 1 139
8 128 8 135
17 127 17 135
14 128 14 135
22 128 22 135
13 129 13 137
3 129 3 139
2 131 2 141
9 131 9 141
10 131 10 139
11 131 11 141
15 131 15 142
25 130 25 140
31 129 31 137
39 129 39 139
45 128 45 138
44 129 44 138
35 130 35 139
43 130 43 137
46 130 46 141
49 131 57 131
41 132 41 142
32 131 32 140
27 131 27 138
16 132 16 143
4 132 4 140
6 134 7 138
18 133 18 142
21 132 21 139
24 133 24 143
34 133 34 142
42 132 42 139
47 132 48 137
49 132 60 132
49 133 56 133
49 134 57 134
38 135 38 146
28 134 28 145
23 134 23 142
12 134 12 141
5 135 5 144
0 136 0 143
8 136 8 144
20 135 20 146
29 134 29 143
26 135 26 146
40 135 40 145
49 135 58 135
36 136 36 146
22 136 22 143
14 136 14 147
17 136 17 143
19 136 19 143
30 136 30 147
37 137 37 144
49 136 56 136
49 137 59 137
43 138 43 149
31 138 31 149
27 139 27 148
21 140 21 148
13 138 13 149
7 139 7 147
1 140 1 147
3 140 3 149
10 140 10 148
4 141 4 151
6 141 6 152
2 142 2 149
11 142 11 151
12 142 12 150
25 141 25 148
33 140 33 148
44 139 45 144
47 138 54 138
47 139 55 139
35 140 35 149
39 140 39 149
42 140 42 151
47 140 56 140
47 141 56 141
46 142 53 142
32 142 32 152
23 143 23 151
15 143 15 151
18 143 18 152
9 144 9 155
0 144 0 151
5 145 5 153
16 144 16 152
17 144 17 155
19 144 19 152
22 144 22 151
34 143 34 154
41 143 41 153
46 143 46 150
47 143 58 143
47 144 56 144
37 145 37 153
24 144 24 152
29 144 29 151
40 146 40 153
44 145 44 154
45 145 45 156
47 145 54 145
47 146 57 146
36 147 36 157
26 147 26 156
14 148 14 156
8 145 8 153
1 148 1 157
7 148 7 155
10 149 10 157
20 149 20 160
28 148 28 159
30 148 30 156
21 149 21 159
27 149 27 159
33 149 33 156
38 149 38 160
47 147 58 147
48 149 48 158
47 149 47 159
47 148 57 148
2 150 2 160
3 150 3 160
13 150 13 159
12 151 12 159
0 152 0 163
4 152 4 162
6 153 6 160
15 153 16 158
22 152 22 160
35 151 35 159
39 150 39 160
43 150 43 161
46 151 46 159
42 152 42 163
29 152 29 163
23 152 23 160
31 152 31 163
18 153 19 156
24 153 24 162
32 153 32 160
37 154 37 165
40 154 40 161
41 154 41 161
44 155 44 166
34 155 34 162
25 156 25 167
17 156 17 163
5 154 5 163
8 154 8 161
7 156 7 163
9 156 9 166
11 157 11 168
18 157 19 162
26 157 26 165
30 157 30 166
33 157 33 166
45 157 45 164
49 156 49 165
46 160 47 164
36 158 36 167
27 160 27 169
14 159 15 162
1 158 1 165
10 158 10 167
16 159 16 167
12 160 12 170
13 160 13 168
21 160 21 168
28 160 28 168
35 160 35 167
22 161 22 168
20 161 20 168
6 161 6 169
2 161 2 169
8 162 8 170
3 163 4 166
14 163 14 173
23 161 23 168
32 161 32 171
38 161 39 164
48 161 48 172
40 162 40 172
41 162 41 172
43 162 43 169
31 164 31 171
18 163 18 172
15 163 15 173
19 163 19 172
24 163 24 171
17 164 17 171
5 164 5 171
0 164 0 171
7 164 7 171
1 166 1 176
3 167 4 171
9 167 9 178
10 168 10 176
16 168 16 177
26 166 26 174
29 164 29 174
34 164 34 175
42 164 42 173
39 165 39 175
45 165 45 172
46 165 46 174
47 165 47 172
37 166 37 175
49 166 57 166
44 167 44 174
30 167 30 175
33 167 33 175
25 168 25 175
35 168 35 176
36 168 36 179
49 167 56 167
49 168 56 168
38 169 38 180
28 169 28 176
20 169 20 177
11 169 11 179
21 169 21 176
22 169 22 180
23 169 23 178
13 170 13 181
2 170 2 179
6 170 6 177
8 171 8 180
12 171 12 178
0 172 0 181
3 172 3 180
4 172 4 180
5 172 5 179
7 172 7 179
17 172 17 180
27 170 27 181
24 172 24 183
31 172 31 179
32 172 32 179
43 172 43 183
49 169 58 169
49 170 58 170
49 171 56 171
49 172 56 172
40 173 40 183
41 173 41 182
45 173 45 181
47 173 47 182
48 173 48 183
49 173 60 173
49 174 58 174
42 175 42 186
44 175 44 185
46 175 46 186
49 175 49 182
37 176 37 184
26 175 26 182
18 173 18 180
19 173 19 182
14 174 14 182
15 174 15 183
25 176 25 185
29 176 29 187
30 176 30 184
33 176 33 183
34 176 34 184
39 176 39 185
28 177 28 184
21 177 21 186
10 177 10 187
1 177 1 184
6 178 6 187
20 178 20 186
9 179 9 186
12 179 12 186
16 179 16 190
23 179 23 187
11 180 11 191
2 180 2 190
5 180 5 190
7 180 7 187
3 181 3 191
4 181 4 191
8 181 8 189
17 181 17 188
18 181 18 190
22 181 22 191
32 180 32 187
36 180 36 191
38 181 38 189
27 182 27 189
13 182 13 189
14 183 14 191
19 183 19 190
26 183 26 193
15 184 15 193
24 184 24 191
31 184 31 195
41 183 41 190
45 182 45 190
47 183 47 191
49 183 56 183
40 184 40 193
35 184 35 195
43 184 43 194
48 184 55 184
37 185 37 194
28 185 28 193
30 185 30 193
33 185 34 189
39 186 39 193
48 185 56 185
44 186 44 193
48 186 57 186
42 187 42 196
46 187 46 194
48 187 55 187
48 188 58 188
48 189 58 189
38 190 38 197
29 188 29 198
20 187 20 196
9 187 9 195
0 185 0 196
12 187 12 195
6 188 6 196
7 188 7 197
10 188 10 197
21 188 21 199
23 188 23 195
17 189 17 196
8 190 8 199
13 190 13 197
5 191 5 199
16 191 16 198
18 191 18 199
19 191 19 198
32 190 32 201
33 190 34 193
27 191 27 202
41 191 41 199
48 190 48 199
49 190 49 198
45 191 45 198
36 192 36 200
24 192 24 199
11 192 11 199
3 192 4 196
2 194 2 205
15 194 15 205
25 193 25 204
22 194 22 205
28 194 28 202
30 194 30 201
34 194 34 203
47 193 47 200
39 194 39 202
40 194 40 201
44 194 44 201
37 195 37 203
46 195 46 205
35 196 35 204
23 196 23 203
9 196 9 203
12 196 12 204
26 196 26 207
14 197 14 208
0 197 0 205
3 197 3 208
4 197 4 205
6 197 6 205
20 197 20 206
10 198 10 206
1 198 1 209
13 198 13 205
7 199 7 210
16 199 16 208
17 199 17 210
19 199 19 207
29 199 29 206
38 198 38 206
43 198 43 209
31 199 31 210
45 199 45 210
49 199 54 200
42 197 42 206
5 200 5 207
8 200 8 208
11 200 11 208
18 200 18 208
21 200 21 208
24 200 24 210
36 201 36 212
48 200 48 207
40 202 40 209
30 202 30 209
32 202 32 211
41 202 41 213
44 202 44 211
47 203 47 214
37 204 37 211
27 203 27 212
28 203 28 213
23 204 23 211
9 204 9 213
12 205 12 214
25 205 25 212
34 204 34 211
35 205 35 212
49 204 56 204
46 206 46 214
49 206 56 206
38 207 38 217
42 207 42 217
49 207 49 215
39 208 39 219
26 208 26 219
15 206 15 214
2 206 2 215
0 206 0 215
4 206 4 214
6 206 6 214
13 206 13 213
22 206 22 215
10 207 10 214
20 207 20 216
19 208 19 217
5 208 5 216
3 209 3 220
8 209 8 219
16 209 16 217
18 209 18 219
21 209 21 219
33 208 33 219
29 209 29 220
30 210 30 219
40 210 40 217
48 208 48 219
45 211 45 222
31 211 31 219
24 211 24 218
11 210 11 221
1 210 1 221
7 211 7 218
14 212 14 223
23 212 23 220
32 212 32 220
34 212 34 219
37 212 37 219
43 212 44 215
35 213 35 221
25 213 25 224
17 213 17 224
27 213 27 223
36 213 36 220
41 214 41 224
28 215 28 226
15 215 15 222
9 214 9 224
13 214 13 223
4 215 4 223
10 215 10 224
12 215 12 223
2 216 2 224
0 217 0 228
5 217 5 227
6 219 7 222
19 218 20 221
22 216 22 223
24 219 24 227
38 219 38 229
46 215 46 224
47 215 47 222
44 216 44 225
49 216 56 216
43 217 43 228
49 217 57 217
40 218 40 226
42 218 42 225
49 218 50 223
39 220 39 230
26 220 26 228
18 220 18 227
21 220 21 227
30 220 30 229
31 220 31 228
33 220 33 230
23 221 23 230
29 221 29 228
32 221 32 231
19 222 19 233
11 222 11 230
3 221 3 231
1 222 1 230
7 223 7 232
20 222 20 230
34 222 35 227
37 222 37 233
48 220 48 227
45 223 45 230
47 223 47 230
36 224 36 235
22 224 22 231
15 223 15 233
12 224 12 232
13 224 13 235
14 224 14 231
27 224 27 234
25 225 25 234
17 226 17 237
4 225 4 236
2 225 2 233
10 225 10 232
6 226 6 237
9 226 9 237
5 228 5 236
18 228 18 235
28 227 28 235
41 226 41 233
49 224 57 224
46 225 46 233
49 225 57 225
42 226 42 233
44 226 44 234
49 226 49 235
40 227 40 238
34 228 34 239
21 228 21 236
24 228 24 236
35 228 35 238
48 228 48 235
38 230 38 239
26 229 26 236
29 229 29 238
31 229 31 238
30 230 30 240
16 230 16 241
8 230 8 241
0 229 0 236
1 231 1 240
11 231 11 242
20 231 20 239
33 231 33 238
43 231 43 242
45 231 45 240
32 232 32 240
22 232 22 239
14 232 14 240
3 232 3 239
7 233 7 241
10 233 10 241
12 233 12 241
23 233 23 244
15 235 15 246
2 234 2 241
13 236 13 247
19 235 19 246
25 235 25 245
37 234 37 241
39 232 39 243
41 234 41 242
42 234 42 241
46 234 46 241
44 235 44 245
36 236 36 244
28 236 28 245
18 236 18 244
5 237 5 244
0 237 0 246
4 237 4 248
6 238 6 245
17 238 17 248
24 237 24 246
26 237 26 246
29 239 29 247
31 239 31 249
35 239 35 247
47 237 47 248
47 236 55 236
48 237 48 244
49 237 49 244
40 239 40 247
34 240 34 249
20 240 21 244
22 240 22 248
30 241 30 249
38 240 38 247
32 241 33 244
45 242 46 246
41 243 42 246
32 245 33 248
20 245 21 248
9 242 10 247
1 242 2 246
7 243 8 247
11 244 12 249
24 247 28 248
41 247 45 248
49 245 60 245
48 246 56 246
38 249 45 249
48 248 52 249
54 0 63 0
64 0 72 0
73 0 83 0
84 0 92 0
93 0 93 11
94 0 94 7
95 0 95 8
96 0 96 9
97 0 102 1
84 1 92 1
70 1 79 1
56 1 56 10
54 1 54 9
55 1 55 8
57 1 57 9
58 1 59 4
60 1 61 4
62 1 62 8
63 1 64 5
65 1 65 12
66 1 66 11
67 1 67 10
68 1 68 8
69 1 69 8
80 1 81 6
82 1 82 8
83 1 83 12
70 2 70 12
71 2 71 10
72 2 72 11
73 2 73 10
74 2 74 12
75 2 75 9
76 2 76 9
77 2 77 10
78 2 79 6
84 2 84 11
85 2 86 7
87 2 87 11
88 2 88 9
89 2 89 11
90 2 90 11
91 2 91 10
92 2 92 10
97 2 107 2
97 3 107 3
97 4 105 4
97 5 105 5
97 6 105 6
97 7 105 7
85 8 85 19
80 7 81 10
78 8 78 19
86 8 86 15
94 8 94 15
97 8 107 8
95 9 95 16
82 9 82 16
68 9 68 17
58 5 59 10
60 5 60 16
61 5 61 13
63 6 63 17
62 9 62 16
69 10 69 21
79 9 79 20
75 10 75 18
76 10 76 21
88 10 88 21
97 9 106 9
96 10 103 10
91 11 91 21
77 11 77 20
64 11 64 22
67 11 67 20
71 11 71 19
73 11 73 18
80 11 81 16
72 12 72 20
66 12 66 23
70 13 70 23
74 13 74 20
84 12 84 19
96 11 105 11
92 12 92 23
93 12 93 19
96 12 105 12
83 13 83 22
96 13 96 20
97 13 108 13
97 14 106 14
87 15 87 26
90 15 90 26
97 15 105 15
86 16 86 24
89 16 89 27
94 16 94 23
97 16 98 20
99 16 110 16
95 17 95 24
81 17 81 25
80 17 80 24
82 17 82 26
73 19 73 26
61 17 61 26
50 14 58 14
50 15 57 15
56 17 57 20
58 17 59 20
60 17 60 26
62 17 62 26
50 18 51 23
52 18 53 22
54 18 55 22
63 18 63 29
68 18 68 27
78 20 78 28
84 20 84 29
85 20 85 28
93 20 93 27
99 17 110 17
99 18 100 21
96 21 96 29
97 21 97 31
98 21 98 31
91 22 91 31
79 21 79 30
65 21 65 32
58 21 59 25
67 21 67 30
72 21 72 28
74 21 74 28
75 21 75 32
77 21 77 30
69 22 69 29
76 22 76 31
83 23 83 32
70 24 70 35
66 24 66 32
53 23 54 26
60 27 60 37
71 24 71 35
80 25 80 32
92 24 92 34
99 22 106 22
99 23 106 23
99 24 109 24
86 25 86 32
94 25 95 29
99 25 108 25
88 26 88 37
81 26 81 35
73 27 73 35
61 27 62 32
64 27 64 38
72 29 72 38
82 27 82 35
87 27 87 35
99 26 107 26
90 27 90 36
99 27 107 27
93 28 93 35
99 28 99 35
94 30 94 41
85 29 85 37
74 29 74 36
78 29 78 37
68 30 69 33
63 30 63 40
67 31 67 38
77 31 77 38
79 31 79 38
76 32 76 40
65 33 65 42
59 33 59 42
61 33 61 41
62 33 62 40
66 33 66 40
75 33 75 42
80 33 80 43
91 32 91 39
95 30 95 37
96 32 96 43
97 32 98 35
86 33 86 41
83 33 83 40
89 33 89 44
92 35 92 43
81 36 81 43
69 34 69 41
58 34 58 42
56 35 57 39
68 37 68 48
70 36 70 46
71 36 71 44
82 36 82 43
84 36 84 47
87 36 87 43
93 36 93 43
97 36 104 36
90 37 90 48
97 37 108 37
88 38 88 45
74 38 74 45
60 38 60 48
73 38 73 49
78 38 78 45
67 39 67 47
64 39 64 47
72 39 72 50
77 39 77 46
79 39 79 50
85 39 85 50
95 38 95 47
97 38 108 38
97 39 104 39
91 40 91 48
97 40 106 40
97 41 105 41
83 41 83 52
86 42 86 50
94 42 94 49
97 42 105 42
97 43 104 43
87 44 87 52
75 43 75 54
63 41 63 50
55 41 56 44
62 41 62 48
57 42 57 53
61 42 61 49
69 42 69 50
58 43 58 50
59 43 59 53
65 43 65 50
66 43 66 54
76 44 76 55
80 44 80 52
81 44 81 54
82 44 82 51
92 44 92 51
93 44 93 52
96 44 105 44
96 45 103 45
88 46 88 53
74 46 74 53
71 45 71 54
78 46 78 53
89 46 89 57
96 46 104 46
96 47 96 58
97 47 97 54
98 47 98 57
99 47 99 57
95 48 95 57
84 48 84 55
77 47 77 55
70 47 70 58
56 47 56 56
50 48 50 57
51 48 51 55
52 48 52 57
53 48 54 52
55 48 55 57
68 49 68 58
62 49 62 60
67 49 67 57
60 49 60 60
64 48 64 56
61 50 61 58
73 50 73 60
63 51 63 58
65 51 65 58
69 51 69 59
72 51 72 59
79 51 79 59
90 50 90 58
91 50 91 59
94 50 94 59
85 51 85 58
86 51 86 58
82 52 82 59
92 52 92 62
80 53 80 60
83 53 83 60
87 53 87 63
93 53 93 63
81 55 81 62
74 54 74 63
78 54 78 63
66 55 66 64
71 55 71 64
76 56 76 67
88 55 88 66
97 55 97 63
89 58 89 65
77 56 77 65
64 57 64 64
75 57 75 68
67 58 67 65
61 59 61 67
63 59 63 66
68 59 68 66
70 59 70 69
69 60 69 67
72 60 72 70
85 59 85 69
95 58 95 68
98 58 107 58
86 59 86 66
90 59 90 68
98 59 107 59
91 60 91 68
79 60 79 68
82 60 82 67
94 60 94 71
98 60 105 60
98 61 98 70
99 61 99 70
92 63 92 71
83 61 83 68
73 61 73 72
60 61 60 71
62 61 62 69
65 61 65 72
74 64 74 72
80 63 81 67
78 64 78 73
84 64 84 75
87 64 87 71
93 64 93 71
96 64 97 67
89 66 89 75
77 66 77 73
71 65 71 73
59 66 59 74
64 66 64 77
67 66 67 74
58 67 58 74
66 67 66 78
68 67 68 76
61 68 61 77
63 68 63 79
69 68 69 77
76 68 76 77
88 67 88 77
80 68 80 76
81 68 82 71
75 69 75 80
83 69 83 76
96 68 96 79
97 68 97 79
90 69 90 77
91 69 91 77
95 69 95 78
85 70 85 78
72 71 72 78
70 70 70 77
82 72 82 80
86 71 86 82
98 71 108 71
87 72 87 82
92 72 92 82
93 72 94 75
98 72 107 72
98 73 106 73
98 74 107 74
98 75 98 84
99 75 99 84
89 76 89 83
81 73 81 84
73 73 73 81
65 73 65 82
74 73 74 80
71 74 71 84
77 74 77 83
78 74 78 82
79 74 79 85
67 75 67 86
62 77 62 88
68 77 68 88
80 77 80 87
93 76 94 79
83 77 83 85
70 78 70 88
60 78 60 86
69 78 69 87
58 79 58 88
59 79 59 89
66 79 66 89
72 79 72 87
84 79 85 84
88 78 88 87
90 78 90 86
91 78 91 87
95 79 95 86
93 80 93 90
94 80 94 87
96 80 96 88
97 80 97 90
86 83 86 91
74 81 74 88
63 80 64 84
75 81 75 91
73 82 73 92
82 82 82 93
78 83 78 91
65 83 65 91
52 82 52 92
50 82 50 89
51 82 51 89
53 82 54 86
56 82 56 89
57 82 57 90
61 84 61 95
63 85 63 95
64 85 64 96
77 84 77 91
87 83 87 90
92 83 92 91
89 84 89 92
81 85 81 94
71 85 71 95
84 85 84 94
98 85 106 85
85 86 85 97
76 86 76 97
79 86 79 94
83 86 83 93
90 87 90 96
98 86 106 86
95 87 95 94
98 87 105 87
88 88 88 97
80 88 80 95
67 87 67 95
53 87 54 90
58 89 58 99
62 89 62 97
72 88 72 96
69 89 70 93
59 90 59 97
66 90 66 101
74 90 74 101
68 91 68 102
54 91 57 92
65 92 65 99
77 92 77 100
87 91 87 98
91 88 91 97
94 88 94 95
98 88 109 88
96 89 96 96
98 89 107 89
98 90 98 101
99 90 99 100
93 91 93 98
97 91 97 102
92 92 92 100
78 92 78 101
73 93 73 104
75 93 75 104
70 94 70 101
57 93 57 100
56 95 56 102
60 96 61 101
63 96 63 107
67 96 67 106
79 95 79 104
82 94 82 101
83 94 83 103
86 94 86 105
89 94 89 105
81 95 81 103
84 95 84 103
71 96 71 107
80 96 80 107
94 96 94 107
90 97 90 105
96 97 96 104
88 98 88 107
76 98 76 106
64 97 64 104
55 97 55 107
59 98 59 105
72 98 72 105
69 99 69 110
62 99 62 110
51 99 51 110
54 99 54 108
52 99 52 109
53 99 53 108
60 102 60 110
65 100 65 109
61 102 61 110
66 102 66 111
70 102 70 109
74 102 74 109
85 100 85 111
87 100 87 108
91 100 91 108
93 100 93 108
95 100 95 109
92 101 92 112
84 104 84 115
77 102 77 113
78 102 78 110
82 102 82 112
81 104 81 113
68 103 68 111
64 105 64 115
73 105 73 112
83 104 83 113
86 106 86 113
79 105 79 113
72 106 72 116
58 106 59 109
67 107 67 114
76 107 76 115
89 106 89 113
90 106 90 113
96 106 103 106
96 107 104 107
88 108 88 118
75 108 75 119
63 108 63 116
71 108 71 118
80 108 80 116
94 108 94 116
96 108 104 108
87 109 87 117
91 109 91 117
93 109 93 118
96 109 105 109
95 110 106 110
95 111 103 111
95 112 102 112
82 113 82 122
74 110 74 118
65 110 65 117
58 110 58 120
59 110 59 120
70 110 70 118
60 111 61 114
62 111 62 118
66 112 66 120
68 112 68 120
73 113 73 122
69 114 69 125
78 114 79 119
81 114 81 122
92 113 92 124
95 113 95 120
96 113 97 118
98 113 98 124
99 113 99 123
86 114 86 124
83 114 83 121
89 114 89 124
90 114 90 121
80 117 80 128
67 116 67 123
61 115 61 126
64 116 64 125
76 116 76 126
63 117 63 125
72 117 72 127
77 117 77 128
65 118 65 128
60 118 60 129
70 119 70 128
71 119 71 128
84 118 84 129
94 117 94 124
91 118 91 125
87 119 88 123
74 119 74 129
75 120 75 129
78 120 78 128
79 120 79 128
93 120 93 129
96 119 96 130
97 119 97 128
85 121 85 132
95 121 95 128
83 122 83 131
90 122 90 131
81 123 81 132
68 122 68 130
66 121 66 128
57 122 57 130
58 122 58 130
50 123 51 127
52 123 53 126
54 123 55 127
67 124 67 135
73 123 73 130
82 123 82 132
87 124 87 133
88 124 88 132
99 124 108 124
86 125 86 133
92 125 92 136
94 125 94 133
98 125 105 125
91 126 91 133
98 126 105 126
98 127 107 127
98 128 109 128
95 129 95 140
97 129 107 129
84 130 84 137
76 127 76 134
63 126 63 133
64 126 64 135
69 126 69 135
61 127 61 137
52 127 53 130
65 129 65 137
72 128 72 136
66 129 66 136
70 129 70 138
71 129 71 138
77 129 77 137
78 129 78 136
79 129 79 140
80 129 80 137
74 130 74 137
75 130 75 141
62 131 62 142
73 131 73 138
68 132 68 143
81 133 81 141
93 131 93 139
97 130 106 130
96 131 103 131
83 132 83 142
89 132 90 136
96 132 96 142
97 132 108 132
85 133 85 140
82 133 82 140
88 133 88 140
97 133 97 140
98 133 98 141
99 133 110 133
86 134 86 141
91 134 91 141
94 134 94 143
99 134 107 134
87 135 87 146
76 135 76 143
63 136 64 140
60 135 60 143
67 136 67 146
69 136 69 143
66 137 66 146
72 137 72 146
78 137 78 145
89 137 89 144
99 135 107 135
99 136 106 136
90 137 90 144
99 137 107 137
99 138 109 138
99 139 99 150
92 140 92 151
80 138 80 146
74 138 74 145
61 138 61 147
57 138 58 142
59 138 59 149
65 138 65 145
70 139 70 146
71 139 71 148
84 138 84 149
73 139 73 146
64 141 64 149
63 142 63 153
75 142 75 149
79 141 79 148
82 141 82 149
93 140 93 150
85 141 85 150
88 141 88 149
97 141 97 148
86 142 86 149
91 142 91 151
95 142 95 153
98 142 98 149
96 143 96 153
83 144 83 155
69 144 69 151
62 143 62 150
60 144 60 152
68 144 68 152
76 144 76 151
89 145 89 156
94 144 94 151
90 146 90 157
80 147 80 158
74 146 74 156
65 146 65 153
66 147 66 154
67 147 67 155
70 147 70 157
58 148 58 159
61 148 61 157
50 149 50 156
54 149 54 159
51 149 52 154
56 149 56 158
57 149 57 160
71 149 72 152
78 149 79 154
87 147 87 157
64 150 64 159
77 150 77 161
81 150 81 161
82 150 82 157
84 150 84 157
88 150 88 159
97 150 97 161
98 150 98 158
85 151 85 158
75 151 75 162
62 151 62 159
59 151 59 161
69 152 69 159
60 153 60 161
71 153 71 163
76 153 76 164
86 153 86 164
93 151 93 160
92 152 92 160
94 152 94 159
95 154 95 162
96 154 96 161
89 157 89 165
78 155 78 163
65 154 65 163
63 154 63 161
72 154 72 165
66 155 66 162
79 155 79 166
67 156 67 163
55 156 55 164
51 156 51 164
52 156 52 164
50 157 50 164
61 158 61 165
73 157 74 161
68 158 68 169
70 159 70 170
83 158 84 161
87 158 87 167
99 157 108 157
90 158 90 168
91 158 91 169
99 158 107 158
98 159 98 168
85 159 85 168
99 159 99 166
88 160 88 171
94 160 94 169
92 161 92 168
80 161 80 172
69 160 69 167
58 160 58 168
53 160 54 164
62 160 62 169
64 160 64 168
59 162 59 170
60 162 60 169
63 162 63 171
73 162 73 173
74 162 74 170
77 162 77 170
81 162 81 171
93 161 93 169
82 162 82 173
83 162 84 165
96 162 96 170
97 162 97 171
95 163 95 172
86 165 86 173
75 163 75 174
66 163 66 172
65 164 65 172
71 164 71 172
78 164 78 171
67 165 67 176
61 166 61 173
50 165 57 165
64 169 64 180
72 166 72 173
83 166 83 176
84 166 84 174
89 166 89 174
79 167 79 178
69 168 69 175
62 171 62 182
70 171 70 182
74 171 74 180
85 169 85 176
87 168 87 175
99 167 110 167
99 168 107 168
90 169 90 176
92 169 92 176
98 169 107 169
91 170 91 181
93 170 93 179
94 170 94 181
98 170 105 170
96 171 96 179
98 171 105 171
88 172 88 181
76 171 76 182
77 171 77 178
78 172 78 180
81 172 81 179
71 173 71 181
65 173 65 180
66 173 66 183
80 173 80 181
72 174 72 181
59 174 59 182
60 174 60 183
73 174 73 182
82 174 82 181
95 173 95 182
97 172 105 172
97 173 97 183
98 173 98 184
99 173 99 183
86 174 86 185
75 175 75 183
84 175 84 184
89 175 89 185
87 176 87 183
83 177 83 184
69 177 69 184
57 175 57 182
50 175 50 182
51 175 51 182
52 175 53 179
54 175 55 179
58 175 58 184
67 177 68 180
61 178 61 189
63 181 63 192
64 181 65 185
77 180 77 187
85 177 85 184
90 177 90 184
92 177 92 184
81 180 81 187
79 179 79 188
67 181 67 192
68 181 68 188
74 181 74 188
78 181 78 189
71 182 71 191
72 182 72 189
80 182 80 189
82 182 82 192
88 182 88 191
96 180 96 190
93 182 94 186
87 184 87 195
76 183 76 193
62 183 62 191
59 183 59 193
70 183 70 192
73 183 73 192
66 184 66 191
75 184 75 193
69 185 69 194
83 185 83 192
84 185 84 194
97 184 97 191
99 184 108 184
90 185 90 193
85 185 85 196
91 185 92 189
98 185 106 185
86 186 86 197
89 186 89 193
95 186 95 197
98 186 105 186
93 187 93 198
94 187 94 194
98 187 106 187
98 188 107 188
98 189 105 189
91 190 91 199
79 189 79 198
65 189 65 196
60 186 60 197
64 186 64 196
68 189 68 197
74 189 74 198
77 189 77 200
72 190 72 197
58 190 58 197
50 190 51 194
52 190 57 191
61 190 61 197
52 192 53 197
54 192 55 196
56 192 57 196
62 193 63 197
71 192 71 200
78 190 78 197
80 190 80 200
92 190 92 197
98 190 106 190
98 191 105 191
88 192 88 202
81 192 81 203
70 193 70 200
66 193 67 196
73 193 73 200
82 193 82 200
83 193 83 200
96 192 103 192
96 193 105 193
89 194 89 201
75 194 75 203
76 194 76 201
90 194 90 202
96 194 106 194
94 195 94 203
96 195 105 195
87 196 87 207
96 196 103 196
85 197 85 205
96 197 103 197
86 198 86 209
72 198 72 206
69 195 69 202
57 197 57 208
64 197 64 204
65 197 65 205
67 197 67 207
58 198 58 206
60 198 61 203
62 198 63 201
68 198 68 205
78 198 78 205
92 198 92 207
95 198 105 198
96 199 96 207
99 199 107 199
93 199 93 207
95 199 95 209
97 199 98 204
62 202 62 211
66 200 66 211
74 200 74 207
79 200 79 211
91 200 91 210
99 200 107 200
99 201 107 201
99 202 106 202
88 203 89 206
77 201 77 209
70 201 70 210
73 201 73 209
80 201 80 212
82 201 82 210
83 201 84 204
76 202 76 213
63 202 63 211
69 203 69 211
60 204 60 213
61 204 61 211
75 204 75 211
81 204 81 213
90 203 90 214
99 203 106 203
94 204 94 215
99 204 108 204
97 205 106 205
83 205 83 215
71 205 71 216
64 206 65 210
68 206 68 216
78 206 78 217
84 206 84 217
85 206 85 213
97 206 106 206
88 207 89 211
97 207 106 207
87 208 87 216
74 208 74 215
72 207 72 215
58 207 58 216
50 207 51 212
52 207 52 214
53 207 53 214
54 207 54 215
55 207 55 215
56 207 56 215
67 208 67 215
57 209 57 216
59 210 59 221
73 210 73 218
86 210 86 217
92 208 92 215
93 208 93 216
96 208 105 208
96 209 103 209
95 210 104 210
91 211 91 221
95 211 105 211
88 212 89 216
75 212 75 219
70 211 70 219
61 212 61 221
62 212 62 220
63 212 63 220
64 212 64 223
65 212 66 216
69 212 69 221
79 212 79 220
80 213 80 220
82 213 82 224
95 212 104 212
95 213 105 213
85 214 85 222
76 214 76 224
67 216 67 223
60 214 60 224
72 216 72 225
77 216 77 227
81 216 81 227
83 216 83 226
95 214 102 214
95 215 102 215
94 216 94 225
95 216 96 221
97 216 97 224
98 216 98 225
99 216 99 225
87 217 87 227
88 217 88 226
89 217 89 224
92 217 93 221
84 218 84 229
71 218 71 229
58 217 58 224
66 217 66 228
68 217 68 224
55 218 56 221
51 218 52 221
65 218 65 229
78 218 78 226
73 219 73 227
70 220 70 227
74 220 75 224
86 220 86 231
79 221 79 230
80 221 80 229
69 222 69 229
62 221 62 230
63 221 63 230
51 222 55 223
61 222 61 232
58 225 58 232
59 225 60 229
67 225 68 229
74 225 74 235
85 223 85 230
91 222 91 230
92 222 93 226
95 222 95 229
96 222 96 229
89 225 89 232
75 225 75 234
76 225 76 232
82 225 82 232
90 225 90 236
97 225 97 235
94 226 94 234
98 226 109 226
88 227 88 235
78 227 78 235
72 227 72 238
83 227 83 235
93 227 93 238
98 227 106 227
87 228 87 235
73 228 73 235
77 228 77 237
66 229 66 236
55 226 56 231
50 226 50 235
51 226 51 233
52 226 53 229
54 226 54 233
57 226 57 236
52 230 53 233
59 230 59 240
60 230 60 237
64 230 65 234
67 230 67 237
68 230 69 235
71 230 71 241
80 230 81 233
84 230 84 241
92 230 92 241
98 228 105 228
98 229 98 236
99 229 100 233
95 230 95 237
96 230 96 238
85 231 85 238
79 231 79 241
91 231 91 241
86 232 86 240
76 233 76 241
63 232 63 239
62 231 62 241
56 233 56 244
58 233 58 243
61 233 61 243
51 234 55 235
65 235 65 243
75 235 75 242
81 234 81 244
89 233 89 240
99 234 106 234
94 235 94 243
82 235 82 246
69 236 69 244
68 236 68 243
73 236 73 244
74 236 74 243
78 236 78 244
80 236 80 247
83 236 83 244
87 236 87 244
99 235 107 235
88 236 88 243
99 236 108 236
90 237 90 248
97 237 106 237
95 238 95 246
97 238 107 238
85 239 85 247
77 238 77 246
64 237 64 248
50 237 50 244
51 238 52 243
53 238 54 243
66 237 66 248
67 238 67 245
70 238 70 249
72 239 72 246
63 240 63 249
61 244 62 248
75 244 76 247
88 244 89 247
96 239 105 239
96 240 96 249
97 240 108 240
97 241 104 241
91 242 92 246
97 242 106 242
97 243 106 243
93 244 94 248
97 244 104 244
97 245 108 245
97 247 106 247
97 248 102 249
83 248 88 249
78 245 79 248
67 246 68 249
73 245 74 249
103 0 112 0
113 0 120 0
121 0 128 0
129 0 138 0
139 0 148 0
149 0 156 0
136 1 145 1
122 1 132 1
108 1 116 1
117 1 117 11
118 1 118 8
120 1 120 10
121 1 121 10
133 1 134 4
146 1 153 1
135 2 143 2
122 2 129 2
108 2 116 2
119 2 119 13
130 2 130 9
131 2 131 9
132 2 132 10
144 2 155 2
135 3 146 3
122 3 129 3
108 3 108 11
109 3 109 10
110 3 110 10
111 3 112 6
113 3 113 11
114 3 114 14
115 3 115 10
116 3 116 14
122 4 127 5
128 4 128 11
129 4 129 13
135 4 142 4
147 3 154 3
143 4 150 4
133 5 141 5
142 5 142 14
143 5 143 15
144 5 144 14
145 5 156 5
133 6 133 15
122 6 122 16
123 6 123 14
124 6 125 11
126 6 126 13
127 6 127 13
134 6 134 16
135 6 136 9
137 6 138 9
139 6 139 13
140 6 140 16
141 6 141 16
145 6 153 6
145 7 152 7
145 8 146 13
147 8 147 16
148 8 159 8
148 9 157 9
135 10 135 19
130 10 130 18
118 9 118 18
112 7 112 16
111 9 111 20
109 11 110 15
115 11 115 18
120 11 121 14
117 12 117 19
124 12 125 15
137 11 137 20
148 10 148 17
149 10 150 15
138 12 138 23
128 12 128 19
131 13 131 24
119 14 119 21
113 13 113 24
126 14 126 22
127 14 127 23
139 14 139 25
146 14 146 22
142 15 142 23
129 15 129 26
120 15 120 25
114 15 114 22
121 15 121 24
123 15 123 22
124 16 125 19
132 16 133 19
144 15 145 18
143 16 143 26
149 16 156 16
140 17 140 25
141 17 141 24
149 17 156 17
136 18 136 29
122 18 122 25
112 17 112 28
102 18 107 19
108 18 109 22
110 18 110 26
115 19 115 26
118 19 118 30
116 20 117 24
102 20 105 21
111 21 111 28
125 21 125 30
128 20 128 28
132 20 132 30
144 19 144 28
147 18 148 22
149 18 159 18
145 19 145 29
149 19 156 19
149 20 156 20
135 20 135 28
133 20 133 27
137 21 137 29
149 21 157 21
149 22 157 22
146 23 153 23
134 24 134 35
130 22 130 33
119 22 119 29
114 23 114 31
123 23 123 33
124 23 124 34
126 23 126 34
127 24 127 31
116 25 116 36
109 25 109 33
113 25 113 33
117 25 117 36
131 25 131 32
142 24 142 31
146 24 155 24
141 25 141 32
146 25 153 25
138 26 139 29
140 26 140 34
146 26 153 26
143 27 143 34
129 27 129 35
120 26 120 37
110 27 110 36
115 27 115 34
102 28 103 32
100 28 101 32
104 28 104 35
105 28 106 32
107 28 107 35
112 29 112 40
122 28 122 39
133 28 133 35
146 27 154 27
146 28 154 28
144 29 144 36
146 29 154 29
135 30 136 34
128 29 128 38
121 29 121 40
111 31 111 42
118 31 119 34
125 31 125 38
137 30 137 39
138 30 138 39
139 30 139 39
145 30 155 30
132 31 132 38
145 31 152 31
142 32 142 39
145 32 156 32
141 33 141 41
127 33 127 43
114 32 114 39
105 33 106 36
109 34 109 41
113 34 113 45
123 34 123 44
131 33 131 44
145 33 154 33
145 34 154 34
136 35 136 45
130 34 130 45
118 35 118 45
115 35 115 42
124 35 124 44
126 35 126 45
140 35 140 44
143 35 143 43
145 35 145 43
146 35 146 45
147 35 158 35
134 36 134 45
133 36 133 45
119 36 119 47
110 37 110 44
116 37 116 47
117 37 117 47
129 37 129 48
135 37 135 48
147 36 155 36
144 37 144 45
147 37 155 37
147 38 155 38
147 39 154 39
137 40 137 47
132 39 132 46
120 38 120 48
107 39 107 49
108 39 108 47
114 40 114 50
128 40 128 51
138 40 138 48
139 40 139 48
147 40 156 40
147 41 147 48
148 41 148 48
149 41 149 52
141 42 141 53
142 44 143 48
145 44 145 55
133 46 133 54
122 43 122 52
112 41 112 49
106 41 106 51
109 42 109 49
121 41 121 50
111 43 111 52
115 43 115 52
127 44 127 53
123 45 123 52
110 45 110 52
105 45 105 56
118 46 118 55
124 45 124 54
131 45 131 53
126 46 126 53
130 46 130 54
132 47 132 55
146 47 146 54
136 48 137 53
129 49 129 58
116 48 116 58
103 47 103 56
100 47 100 55
101 47 101 57
102 47 102 55
104 47 104 54
108 48 108 57
113 48 113 59
117 48 117 58
119 48 119 55
120 49 120 57
134 49 134 60
139 49 139 59
138 49 138 60
148 49 148 57
142 49 143 53
109 50 109 57
112 50 112 58
114 51 114 58
106 52 107 55
110 53 110 61
111 53 111 64
115 53 115 61
128 52 128 62
135 50 135 59
147 50 147 61
144 51 144 62
136 54 136 61
123 53 123 63
121 53 121 64
122 53 122 60
125 54 126 58
127 54 127 65
131 54 131 61
137 54 137 63
140 54 141 58
142 54 142 64
143 54 143 61
146 55 146 64
133 55 133 62
124 55 124 64
130 55 130 62
118 56 118 67
119 56 119 66
132 56 132 63
145 57 145 68
149 56 149 66
148 58 148 66
140 59 140 68
141 59 141 66
129 60 129 71
120 58 120 68
108 58 108 69
109 58 109 68
112 59 112 67
114 59 114 67
116 59 116 67
117 59 117 66
125 59 126 64
113 60 113 67
107 60 107 67
100 61 100 68
101 61 101 68
102 61 103 64
104 61 105 66
115 62 115 69
122 61 122 68
135 60 135 69
134 61 134 68
138 61 138 70
139 61 139 72
131 62 131 72
136 62 136 73
147 62 147 69
143 63 144 68
130 63 130 70
128 63 128 72
133 63 133 71
123 64 123 71
110 63 110 74
111 65 111 74
121 65 121 72
132 64 132 71
137 64 137 73
124 65 124 72
125 65 126 68
127 66 127 73
117 67 117 75
119 67 119 74
112 68 112 78
102 68 106 69
113 68 113 77
114 68 114 75
116 68 116 78
118 68 118 78
109 69 109 76
120 69 120 78
122 69 122 78
126 69 126 76
134 69 134 78
141 67 141 78
146 65 146 75
148 67 159 67
148 68 155 68
140 69 140 76
142 69 143 72
144 69 144 77
145 69 145 78
148 69 158 69
135 70 135 77
147 70 154 70
138 71 138 82
147 71 157 71
147 72 155 72
139 73 139 84
130 72 130 83
125 72 125 83
132 72 132 80
123 73 124 76
128 73 128 83
131 73 131 82
142 73 142 81
143 73 143 82
147 73 154 73
136 74 136 84
127 74 127 82
137 74 137 81
147 74 156 74
147 75 158 75
146 76 157 76
146 77 156 77
135 78 135 88
123 77 124 80
111 75 111 83
108 72 108 82
100 70 108 70
100 75 100 84
102 75 102 82
103 75 103 83
104 75 104 82
105 75 105 84
106 75 106 84
107 75 107 83
119 75 119 83
114 76 114 84
115 76 115 87
117 76 117 83
109 77 110 82
121 77 121 88
113 78 113 87
112 79 112 89
116 79 116 86
118 79 118 86
120 79 120 87
122 79 122 86
126 79 126 90
134 79 134 86
144 78 144 87
146 78 156 78
140 79 140 90
141 79 141 89
145 79 154 79
145 80 154 80
132 81 132 89
123 81 124 85
129 81 129 92
137 82 137 89
145 81 155 81
142 82 142 89
145 82 154 82
138 83 138 91
131 83 131 90
143 83 143 90
145 83 153 83
133 84 133 95
119 84 119 93
108 83 109 87
110 83 110 94
111 85 111 96
114 85 114 92
127 84 128 88
130 84 130 94
136 85 136 92
145 84 152 84
145 85 152 85
145 86 152 86
134 87 134 94
123 86 123 94
124 86 124 94
116 87 116 97
117 87 118 91
122 87 122 95
125 87 125 98
113 88 113 98
115 88 115 97
120 88 120 95
108 89 108 96
109 89 109 98
121 89 121 100
127 89 128 94
135 89 135 100
145 87 152 87
144 88 152 88
144 89 153 89
132 90 132 99
141 90 141 99
142 90 142 99
144 90 144 98
145 90 150 91
137 91 137 102
126 91 126 102
112 91 112 102
100 90 100 97
101 90 101 99
102 90 102 99
103 90 107 91
103 92 104 96
105 92 105 99
106 92 106 99
107 92 107 99
117 92 117 101
131 92 131 101
139 91 140 96
138 92 138 102
145 92 153 92
136 93 136 100
129 93 129 100
118 94 118 105
114 93 114 101
119 94 119 101
110 95 110 102
123 95 123 104
124 95 124 105
127 95 127 104
128 95 128 102
130 95 130 103
143 94 143 105
145 93 145 104
146 93 146 100
147 93 147 103
148 93 159 93
148 94 156 94
148 95 159 95
134 95 134 102
139 97 139 107
148 96 159 96
148 97 155 97
148 98 156 98
140 99 140 110
133 98 133 109
120 97 120 105
108 97 108 105
103 97 104 101
111 97 111 105
100 98 100 105
109 99 109 108
122 99 122 110
116 99 116 108
125 99 125 110
113 99 113 110
115 98 115 105
106 104 107 108
114 102 114 109
121 101 121 108
132 100 132 110
141 100 141 107
142 100 142 108
148 100 155 100
135 101 135 110
129 101 129 109
136 101 136 112
148 102 155 102
137 103 138 108
131 102 131 113
117 102 117 110
119 102 119 111
112 103 112 113
126 103 126 111
128 103 128 110
134 103 134 110
146 104 154 104
144 105 144 116
130 105 130 114
123 105 123 112
110 104 110 115
108 106 108 114
111 106 111 113
115 106 115 113
127 105 127 113
118 106 118 114
124 106 124 117
116 109 116 116
107 109 107 117
109 109 109 119
120 109 121 112
114 110 114 119
104 111 104 121
105 111 105 121
106 111 106 121
113 111 113 119
117 111 117 121
129 110 129 121
139 108 139 115
145 105 145 113
146 105 147 109
148 105 148 112
143 106 143 114
149 106 157 106
149 107 157 107
141 108 141 115
149 108 157 108
138 109 138 116
142 109 142 116
149 109 158 109
146 110 146 119
133 110 133 120
147 110 147 118
149 110 159 110
140 111 140 121
128 111 128 119
122 111 122 120
132 111 132 120
134 111 134 119
135 111 135 118
149 111 157 111
149 112 156 112
136 113 136 120
123 113 123 122
120 113 120 123
121 113 121 120
111 114 111 123
100 113 100 121
101 113 102 116
112 114 112 121
115 114 115 124
126 114 127 119
118 115 118 122
119 116 119 127
125 116 125 127
130 116 130 127
143 115 143 122
148 113 156 113
148 114 159 114
148 115 158 115
139 116 139 124
131 116 131 127
141 116 141 123
148 116 155 116
138 117 138 126
142 117 142 125
144 117 144 127
148 117 155 117
148 118 156 118
135 119 135 127
124 118 124 127
116 117 116 124
102 117 103 120
107 118 108 122
110 120 110 131
113 120 113 129
114 120 114 127
126 120 127 124
134 120 134 127
147 119 156 119
145 120 152 120
132 121 132 128
121 121 121 129
122 121 122 129
133 121 133 130
137 121 137 132
145 121 154 121
140 122 140 129
128 122 129 126
117 123 118 128
112 122 112 130
100 122 103 123
111 124 111 131
120 124 120 132
115 125 115 132
106 125 109 126
116 125 116 132
126 125 127 128
136 123 136 134
145 122 153 122
143 123 143 131
145 123 155 123
141 124 141 133
145 124 153 124
139 125 139 136
145 125 153 125
142 126 142 133
145 126 155 126
138 127 138 135
128 127 128 135
123 126 123 137
114 128 114 137
124 128 124 137
125 128 125 136
129 128 130 131
134 128 135 132
145 127 156 127
144 128 155 128
131 129 131 140
117 129 117 140
118 129 118 136
126 129 126 140
127 129 127 137
132 129 132 138
144 129 155 129
140 130 140 137
144 130 151 130
133 131 133 138
122 130 122 141
113 130 113 139
112 131 112 138
119 131 119 142
111 132 111 139
121 132 121 143
129 132 130 136
143 132 153 132
144 131 152 131
134 133 135 138
120 133 120 140
115 133 115 143
116 133 116 141
110 134 110 143
118 137 118 145
128 136 128 143
137 133 137 140
143 133 151 133
141 134 148 134
149 134 159 134
141 135 151 135
136 136 136 147
138 136 138 143
141 136 148 136
149 136 157 136
139 137 139 148
125 137 125 146
129 137 129 146
141 137 148 137
149 137 157 137
140 138 149 138
127 138 127 145
114 138 114 145
123 138 123 147
124 138 124 147
112 139 112 146
100 139 100 149
101 139 101 147
102 139 102 146
103 139 103 150
104 139 104 146
105 139 105 148
106 139 106 146
107 139 107 149
108 139 108 148
109 139 109 146
111 140 111 149
113 141 113 152
117 141 117 149
130 140 130 151
132 139 132 149
133 139 133 146
135 139 135 146
140 139 150 139
140 140 149 140
131 141 131 148
120 141 120 151
126 141 126 149
137 141 137 148
140 141 149 141
134 142 134 153
140 142 141 145
142 142 142 149
143 142 154 142
143 143 151 143
143 144 153 144
143 145 153 145
140 146 141 150
128 144 128 151
116 142 116 151
119 143 119 153
122 143 122 154
115 144 115 151
121 145 121 156
118 146 118 153
127 146 127 154
114 147 114 158
102 147 102 156
104 147 104 156
109 147 109 156
112 147 112 155
125 147 125 157
129 147 129 158
135 147 135 156
143 146 153 146
143 147 151 147
136 148 136 158
123 148 123 159
124 148 124 156
131 149 131 157
143 148 151 148
137 149 137 156
143 149 154 149
110 150 110 160
117 150 117 158
126 150 126 157
132 150 132 157
138 150 138 161
139 150 139 161
142 150 142 159
143 150 154 150
140 151 140 160
141 151 141 159
143 151 151 151
130 152 130 160
116 152 116 162
115 152 115 159
120 152 120 163
128 152 128 159
118 154 118 163
113 154 113 165
122 155 122 163
133 154 133 165
143 152 153 152
143 153 154 153
134 154 134 165
143 154 143 161
144 154 144 163
146 154 146 163
147 156 147 163
148 156 149 161
135 157 135 166
127 155 127 165
121 157 121 166
111 156 112 159
109 157 109 164
108 158 108 165
100 159 100 166
101 159 102 163
103 159 104 162
114 159 114 168
124 157 124 164
137 157 137 164
125 158 125 167
126 158 126 169
131 158 131 166
119 159 119 170
117 159 117 168
129 159 129 167
136 159 136 166
123 160 123 171
111 160 112 164
105 160 106 165
116 163 116 173
128 161 128 172
141 160 141 171
142 160 142 169
130 161 130 170
140 161 140 171
145 161 145 172
138 162 138 170
139 162 139 170
143 162 143 169
148 162 156 162
148 163 156 163
144 164 144 174
146 164 154 164
137 165 137 172
124 165 124 172
118 164 118 172
122 164 122 173
112 165 112 173
120 165 120 176
113 166 113 174
101 166 111 166
115 167 115 178
127 166 127 174
132 166 133 171
146 166 153 166
146 165 157 165
135 167 135 177
121 167 121 177
131 167 131 177
136 167 136 177
146 167 154 167
146 168 153 168
146 169 156 169
142 170 142 177
129 169 129 178
117 169 117 179
108 168 108 178
109 168 109 178
110 168 110 176
111 169 111 180
114 169 114 177
125 170 126 173
134 171 134 182
143 170 143 178
146 170 146 180
147 170 148 174
149 170 160 170
138 171 139 174
149 171 157 171
140 172 140 179
132 172 132 180
119 172 119 183
107 171 107 182
106 172 106 183
100 173 100 180
101 173 101 180
102 173 103 178
104 173 105 178
118 173 118 180
123 172 123 179
133 172 133 179
141 172 141 181
149 172 157 172
137 173 137 183
128 173 128 180
116 174 116 185
112 174 112 184
125 174 126 177
113 175 113 182
124 175 124 186
127 175 127 185
138 175 138 184
145 173 145 182
149 173 158 173
149 174 156 174
139 175 139 182
144 175 144 184
147 175 156 175
147 176 157 176
147 177 158 177
135 178 135 188
130 176 130 187
120 177 120 187
110 177 110 185
114 178 114 185
121 178 122 182
125 178 125 186
126 178 126 187
136 178 136 186
147 178 154 178
143 179 143 186
129 179 129 186
115 179 115 186
102 179 103 182
104 179 105 182
108 179 109 183
117 180 117 188
123 180 123 187
131 180 131 191
133 180 133 187
140 180 140 187
147 179 158 179
147 180 157 180
142 181 142 192
128 181 128 189
118 181 118 188
111 181 111 190
113 183 113 190
121 183 122 187
132 181 132 191
146 181 146 191
147 181 147 191
148 181 149 185
141 182 141 190
134 183 134 194
139 183 139 190
145 183 145 192
137 184 137 193
138 185 138 192
144 185 144 193
148 186 148 195
149 186 149 193
136 187 136 197
127 186 127 194
119 184 119 191
109 184 109 194
108 185 108 194
112 185 112 195
110 186 110 194
114 186 114 197
116 186 116 193
115 187 115 195
124 187 125 192
129 187 129 195
143 187 143 195
130 188 130 196
120 188 120 195
121 188 121 199
122 188 122 197
123 188 123 196
126 188 126 196
133 188 133 195
140 188 140 198
135 189 135 196
128 190 128 198
117 189 117 196
118 189 118 197
111 191 111 198
119 192 119 201
131 192 131 199
139 191 139 198
141 191 141 200
132 192 132 201
146 192 146 199
147 192 147 203
142 193 142 200
145 193 145 201
137 194 137 202
125 193 125 201
116 194 116 204
106 195 107 198
108 195 108 203
109 195 110 199
113 195 113 206
124 195 124 206
134 195 134 202
127 196 127 207
120 196 120 203
112 196 112 203
117 197 117 207
129 196 129 204
133 196 133 203
143 196 143 204
149 194 157 194
149 195 157 195
144 196 144 207
148 196 155 196
148 197 149 201
136 198 136 205
123 197 123 205
126 197 126 204
114 198 114 207
118 198 118 209
111 199 111 209
122 199 122 210
130 197 130 205
138 199 138 210
139 199 140 203
109 200 110 204
121 201 121 212
131 200 131 207
135 200 135 211
146 200 146 208
141 201 141 209
128 201 128 212
142 201 142 210
132 202 132 209
119 202 119 210
125 202 125 209
115 203 115 214
112 204 112 215
120 204 120 211
133 204 133 213
145 202 145 209
148 202 157 202
137 203 137 211
134 203 134 214
148 203 156 203
139 204 139 212
140 204 140 213
147 204 156 204
143 205 143 215
129 205 129 212
126 205 126 214
123 206 123 213
110 205 110 212
107 205 107 212
108 205 108 214
109 205 109 216
113 207 113 214
124 207 124 218
130 206 130 214
136 206 136 214
147 205 147 212
148 205 159 205
148 206 156 206
148 207 157 207
148 208 156 208
146 209 146 218
148 209 158 209
141 210 141 219
131 208 131 217
117 208 117 216
114 208 114 216
116 208 116 219
127 208 127 215
118 210 118 219
125 210 125 217
132 210 132 217
144 210 145 213
148 210 156 210
138 211 138 218
142 211 142 219
148 211 158 211
135 212 135 222
122 211 122 218
119 211 119 220
106 212 106 223
120 212 120 219
107 213 107 220
110 213 110 223
111 213 111 224
121 213 121 224
128 213 128 222
137 212 137 222
148 212 157 212
139 213 139 221
129 213 129 220
133 214 133 222
140 214 140 223
147 213 148 216
149 213 149 224
145 214 145 224
134 215 134 223
126 215 126 223
113 215 113 222
103 214 103 221
104 214 104 221
108 215 108 222
115 215 115 223
102 216 102 224
100 216 101 220
112 216 112 226
123 216 123 227
130 215 130 225
136 215 136 222
144 215 144 226
143 216 143 224
147 217 148 221
138 219 138 227
127 216 127 223
117 217 117 224
122 219 122 229
131 218 131 227
132 218 132 225
124 219 125 222
118 220 118 228
120 220 120 227
119 221 119 229
129 221 129 229
141 220 141 231
146 219 146 226
142 220 142 229
147 222 147 232
148 222 148 230
135 223 135 233
124 223 124 233
113 223 113 230
125 223 125 232
133 223 133 232
136 223 136 231
137 223 137 231
126 224 127 228
115 224 115 232
103 224 110 224
100 225 108 225
110 225 111 229
116 225 117 229
121 225 121 234
134 224 134 235
139 224 140 227
143 225 143 233
145 225 145 232
149 225 157 225
149 226 156 226
146 227 146 234
132 227 132 234
130 226 130 237
120 228 120 236
107 227 108 231
109 227 109 235
112 227 112 235
123 228 123 239
114 229 114 240
101 229 102 233
103 229 104 233
105 229 106 233
111 230 111 240
116 230 116 240
126 229 127 234
138 228 138 237
149 227 157 227
139 228 139 236
140 228 140 238
149 228 156 228
149 229 158 229
142 230 142 237
131 229 131 240
118 230 118 241
117 230 117 240
119 230 119 237
122 230 122 241
128 230 128 241
129 230 129 238
136 232 136 242
148 231 159 231
149 230 157 230
137 232 137 239
141 232 141 241
148 232 155 232
145 233 145 243
133 233 133 240
125 233 125 240
113 231 113 238
110 234 110 245
124 234 124 241
135 234 135 243
147 233 156 233
143 234 143 241
144 234 144 245
147 234 154 234
146 235 154 235
146 236 146 246
147 236 147 245
148 236 148 243
149 236 149 247
139 237 139 245
127 235 127 242
121 235 121 242
126 235 126 242
120 237 120 244
109 236 109 243
112 236 112 243
115 238 115 249
119 238 119 249
130 238 130 246
134 237 134 248
138 238 138 245
142 238 142 249
140 239 140 247
131 241 132 244
117 241 117 248
113 239 113 246
122 242 123 247
133 241 133 248
124 242 124 249
128 242 128 249
141 242 141 249
143 242 143 249
136 243 137 247
131 245 132 248
144 246 145 249
146 248 154 248
146 249 157 249
135 248 140 249
126 243 127 248
120 245 121 249
107 246 110 247
111 245 112 249
157 0 158 4
159 0 164 1
165 0 174 0
175 0 175 9
176 0 187 0
188 0 198 0
176 1 176 11
165 1 165 11
166 1 166 8
167 1 168 4
169 1 169 9
170 1 170 10
171 1 171 9
172 1 172 12
173 1 173 11
174 1 174 10
177 1 177 10
178 1 189 1
190 1 190 10
191 1 191 10
192 1 192 8
193 1 193 11
194 1 194 8
195 1 195 10
196 1 197 6
198 1 198 11
185 2 185 10
178 2 178 9
164 2 164 13
159 2 160 7
161 2 161 12
162 2 162 9
163 2 163 12
167 5 168 10
179 3 180 6
181 2 181 11
182 2 182 10
183 2 183 12
186 2 186 12
187 2 187 10
188 2 188 9
189 2 189 11
199 2 199 13
196 7 196 14
197 7 197 16
192 9 192 17
180 7 180 14
179 7 179 17
184 9 184 20
194 9 194 16
188 10 188 18
175 10 175 20
166 9 166 16
155 6 158 7
160 8 160 15
158 9 158 16
151 10 152 14
153 10 154 14
155 10 156 14
162 10 162 18
169 10 169 21
171 10 171 20
167 11 167 19
168 11 168 19
170 11 170 20
174 11 174 18
177 11 178 15
182 11 182 19
185 11 185 19
187 11 187 20
190 11 190 19
191 11 191 22
195 11 195 18
189 12 189 23
176 12 176 20
165 12 165 19
173 12 173 20
181 12 181 20
193 12 193 22
183 13 183 21
172 13 172 23
161 13 161 21
163 13 163 20
164 14 164 24
160 16 160 27
166 17 166 24
177 16 177 24
186 13 186 20
198 14 199 19
196 15 196 24
194 17 194 25
180 17 180 24
178 16 178 23
179 18 179 28
192 18 192 25
197 17 197 26
188 19 188 26
195 19 195 26
182 20 182 28
185 20 185 31
199 20 199 27
186 21 186 28
173 21 173 28
162 19 162 26
158 19 158 28
159 19 159 27
165 20 165 29
167 20 167 27
163 21 163 29
170 21 170 28
171 21 171 29
174 21 175 25
176 21 176 28
181 21 181 32
184 21 184 29
187 21 187 31
183 22 183 30
169 22 169 29
161 22 161 31
156 23 157 27
168 24 168 35
172 24 172 32
178 24 178 33
190 23 191 28
193 23 193 30
198 23 198 34
189 24 189 31
177 25 177 36
164 25 164 34
166 25 166 33
180 25 180 32
174 26 174 34
175 26 175 35
162 27 162 34
159 28 159 35
160 28 160 36
167 28 167 35
157 29 158 34
170 29 170 36
173 29 173 37
176 29 176 37
188 27 188 34
196 25 196 32
192 26 192 36
194 26 194 36
199 28 199 37
186 29 186 38
179 29 179 37
182 29 182 39
190 29 191 33
197 29 197 40
184 30 184 39
171 30 171 38
163 30 163 38
165 30 165 41
169 30 169 39
161 32 161 40
172 34 172 45
183 31 183 38
193 31 193 38
195 31 195 42
185 32 185 40
187 32 187 39
189 32 189 39
180 33 180 40
181 33 181 40
178 34 178 44
191 34 191 41
196 33 196 40
188 35 188 42
174 35 174 44
162 35 162 42
164 35 164 42
157 36 157 47
158 36 158 43
159 36 159 43
166 36 167 39
168 36 168 44
175 36 175 46
177 37 177 45
190 36 190 47
192 37 192 48
179 38 179 46
170 38 170 49
160 37 160 47
173 38 173 47
171 39 171 46
166 40 166 51
167 40 167 51
169 40 169 47
176 40 176 51
184 40 184 49
193 39 193 47
198 38 199 42
186 40 187 44
189 40 189 48
194 40 194 51
185 41 185 50
180 41 180 51
191 42 191 50
196 41 196 51
197 41 197 48
188 43 188 53
181 43 181 54
195 43 195 51
198 43 198 51
199 44 199 55
186 45 186 54
174 45 174 52
162 43 162 52
150 41 150 50
151 41 151 48
152 41 152 52
153 41 153 48
154 41 154 48
155 41 155 51
156 41 156 48
161 41 161 48
163 43 164 47
158 44 158 51
159 44 159 51
165 45 165 56
178 45 178 54
187 45 187 55
177 46 177 55
172 46 172 55
183 46 183 57
171 47 171 55
175 47 175 55
179 47 179 54
168 48 169 51
157 48 157 57
160 48 160 57
173 48 173 56
164 48 164 55
151 49 151 56
161 49 161 56
153 49 153 56
158 55 158 62
166 52 166 61
170 50 170 59
184 50 184 58
189 50 189 61
192 50 192 57
193 50 193 60
185 51 185 59
190 51 191 54
180 52 180 63
167 52 167 60
168 52 168 61
169 52 169 60
176 52 176 59
163 53 163 64
162 53 162 63
174 53 174 60
178 55 178 62
179 55 179 62
181 55 182 58
194 54 194 62
194 52 197 53
198 52 198 62
195 54 195 61
196 54 196 61
197 54 197 64
186 55 186 65
188 55 188 66
190 55 190 66
191 55 191 65
187 56 187 64
175 56 175 63
171 56 172 60
159 55 159 64
150 56 150 64
152 56 152 63
154 56 154 65
155 56 155 64
156 56 156 66
153 57 153 66
161 57 161 68
164 57 165 62
177 56 177 65
173 57 173 67
160 58 160 69
157 58 157 66
167 61 167 70
170 60 170 67
181 59 181 68
183 58 183 69
192 58 192 65
199 56 199 64
193 61 193 68
182 59 182 66
184 59 184 67
176 60 176 71
185 60 185 67
172 61 172 69
169 61 169 70
171 61 171 71
174 61 174 68
166 62 166 71
168 62 168 73
165 63 165 70
179 63 179 71
189 62 189 69
195 62 195 70
196 62 196 71
194 63 194 73
198 63 198 73
187 65 187 76
175 64 175 71
162 64 162 75
164 64 164 75
163 65 163 74
159 68 159 77
170 68 170 75
180 64 180 71
178 65 178 76
177 66 177 73
186 66 186 73
199 65 199 72
191 66 192 70
197 66 197 77
188 67 188 77
182 67 182 77
190 67 190 75
184 68 185 72
173 68 173 75
161 69 161 78
174 69 174 76
181 69 181 78
193 69 193 76
183 70 183 77
172 70 172 79
160 70 160 80
165 71 165 80
167 71 167 79
169 71 169 78
171 72 171 79
175 72 175 81
176 72 176 80
189 71 189 79
192 71 192 82
195 71 195 79
191 72 191 83
179 72 179 80
180 72 180 80
184 73 185 78
196 72 196 80
186 74 186 81
177 74 177 81
168 74 168 81
158 76 158 83
162 76 162 85
163 76 164 79
170 76 170 84
173 76 173 83
174 77 174 86
178 77 178 87
190 76 190 83
194 74 194 84
198 74 198 85
187 77 187 85
182 78 182 85
183 78 183 85
188 78 188 87
193 78 193 89
181 79 181 87
184 79 185 84
197 79 197 90
189 80 189 90
195 80 195 91
196 81 196 90
186 82 186 90
176 81 176 90
167 80 167 91
157 77 157 85
159 78 159 86
156 79 156 88
161 80 161 91
171 80 171 88
172 80 172 91
160 81 160 88
164 81 164 92
165 81 166 85
179 81 179 90
180 81 180 90
168 82 168 92
155 82 155 91
163 82 163 93
175 82 175 93
177 82 177 91
173 84 173 93
170 85 170 92
158 84 158 91
162 86 162 96
165 86 166 89
174 87 174 95
184 85 184 94
190 84 190 93
199 82 199 93
191 84 191 91
185 85 185 94
194 85 194 92
182 86 182 93
183 86 183 96
178 88 178 95
188 88 188 99
198 86 198 95
192 90 193 95
181 90 181 101
169 89 169 100
160 89 160 96
171 89 171 96
165 90 166 95
176 91 176 101
179 91 179 101
180 91 180 100
186 91 187 94
196 91 196 99
197 91 197 100
191 92 191 100
177 92 177 101
167 92 167 101
161 92 161 101
172 92 172 102
164 93 164 101
168 93 168 103
170 93 170 104
163 94 163 101
175 94 175 101
182 94 182 101
189 93 189 104
194 93 194 100
195 93 195 104
190 94 190 101
184 95 184 106
185 95 185 103
186 95 186 104
187 95 187 106
178 96 178 105
165 96 165 106
166 96 166 104
157 97 157 105
158 97 158 105
159 97 159 106
160 97 160 106
162 97 162 104
171 97 171 105
173 97 174 102
183 97 183 104
192 98 192 106
199 97 199 108
198 96 198 105
193 96 193 103
161 102 161 110
169 101 169 108
180 101 180 111
188 100 188 109
196 100 196 111
191 101 191 108
194 101 194 110
197 101 197 108
193 104 193 113
181 102 181 111
167 102 167 111
163 102 163 109
164 102 164 111
175 102 175 110
176 102 176 110
177 102 177 109
179 102 179 113
182 102 182 109
172 103 172 110
174 103 174 113
185 104 185 111
183 105 183 116
170 105 170 112
162 105 162 112
166 105 166 112
168 106 168 117
171 106 171 115
178 106 178 116
186 105 186 114
189 105 189 112
195 105 195 112
184 107 184 114
187 107 187 114
192 108 192 119
198 108 198 119
190 109 190 120
191 109 191 119
197 109 197 116
188 110 188 121
182 110 182 119
172 111 172 119
165 107 165 114
160 107 160 114
163 110 163 120
161 111 161 121
175 111 175 118
176 111 176 118
177 111 177 122
164 112 164 119
167 112 167 122
169 112 169 123
180 112 180 119
181 112 181 119
194 111 194 121
185 112 185 122
196 112 196 119
189 113 189 123
195 113 195 120
193 114 193 122
179 114 179 121
170 113 170 122
162 113 162 120
173 114 173 125
174 114 174 123
165 115 165 124
159 115 160 119
157 116 157 123
158 116 158 124
171 116 171 124
184 115 184 123
186 115 186 122
187 115 187 125
199 115 199 126
197 117 197 128
183 117 183 125
178 117 178 126
175 119 175 126
176 119 176 127
164 120 164 129
159 120 159 130
160 120 160 131
172 120 172 127
180 120 180 128
181 120 181 127
191 120 191 127
192 120 192 128
196 120 196 130
198 121 198 132
188 122 188 132
194 122 194 131
195 122 195 133
185 123 185 130
186 123 186 130
193 123 193 130
184 124 184 131
170 124 170 131
162 121 162 132
163 121 163 128
168 121 168 132
161 122 161 129
166 122 166 133
167 123 167 131
169 124 169 131
174 124 174 133
165 125 165 135
171 125 171 133
177 125 177 136
189 124 189 132
190 125 190 136
183 126 183 137
173 126 173 134
187 126 187 134
175 127 175 137
178 127 178 136
179 127 179 138
172 128 172 135
176 128 176 137
181 128 181 138
182 128 182 139
191 128 191 137
199 127 199 137
192 129 192 136
197 129 197 136
185 131 185 142
186 131 186 140
193 131 193 141
184 132 184 140
170 132 170 143
163 129 163 137
156 128 157 132
161 130 161 139
164 131 164 142
160 132 160 140
167 132 167 142
169 132 169 140
162 133 162 143
152 133 159 133
168 133 168 144
180 133 180 144
188 133 188 144
194 132 194 139
198 133 198 144
195 134 195 145
187 135 187 143
174 134 174 145
166 134 166 144
171 134 171 142
158 135 158 144
159 135 159 144
173 135 173 143
165 136 165 145
177 137 177 144
189 136 189 147
190 137 190 144
192 137 192 147
196 137 197 141
183 138 183 147
172 138 172 149
163 138 163 148
151 138 156 139
157 138 157 148
150 140 154 141
155 140 156 145
161 140 161 147
175 140 175 151
176 138 176 148
179 139 179 147
191 138 191 147
199 138 199 146
193 142 193 151
181 140 181 149
182 140 182 151
169 141 169 151
160 141 160 150
164 143 164 151
167 143 167 151
171 143 171 151
184 142 184 149
186 141 186 148
197 142 197 149
185 143 185 150
173 144 173 152
162 144 162 151
170 144 170 153
158 145 158 153
166 145 166 156
177 145 177 152
187 144 187 153
178 145 178 156
180 145 180 155
188 145 188 153
190 145 190 156
194 146 195 150
198 146 198 157
199 147 199 154
189 148 189 156
179 148 179 155
168 146 168 157
155 146 155 155
156 146 156 156
165 146 165 153
174 146 174 153
183 148 183 155
196 148 196 159
192 148 192 158
186 149 186 160
176 149 176 159
163 149 163 157
157 149 157 159
161 148 161 155
159 148 159 159
162 152 162 160
172 150 172 159
181 150 181 161
184 150 184 159
197 150 197 158
185 151 185 161
194 151 194 160
195 151 195 158
182 152 182 163
169 152 169 160
164 152 164 159
167 152 167 159
171 152 171 160
175 152 175 159
177 153 177 162
191 153 191 164
193 152 193 160
187 154 187 161
174 154 174 162
170 154 170 163
158 155 158 163
150 156 151 160
153 156 154 159
160 156 160 167
173 155 173 166
179 156 179 164
188 154 188 162
199 155 199 165
189 157 189 165
180 156 180 167
183 156 183 164
178 157 178 168
165 157 165 168
155 157 156 161
161 157 161 168
166 157 166 164
163 158 163 165
168 158 168 168
159 160 159 167
164 160 164 167
167 160 167 167
175 160 176 164
184 160 184 168
190 157 190 168
198 158 198 165
192 159 192 166
195 159 195 169
197 159 197 168
186 161 186 170
193 161 193 169
194 161 194 171
181 162 181 171
169 161 169 171
171 161 171 168
174 163 174 170
185 162 185 171
187 162 187 169
196 162 196 173
188 165 188 176
177 163 177 173
170 164 170 171
182 164 182 171
175 165 175 173
162 165 162 176
166 165 166 172
176 165 176 172
179 165 179 173
183 165 183 174
191 165 191 176
189 166 189 175
198 166 198 177
199 166 199 176
192 167 192 176
180 169 180 180
172 167 173 171
164 168 164 177
167 168 167 175
161 169 161 176
163 169 163 180
165 169 165 177
168 169 168 178
171 169 171 179
178 169 178 179
184 169 184 176
190 169 190 176
197 169 197 178
187 170 187 180
193 170 193 178
195 170 195 177
186 171 186 179
174 171 174 180
160 171 160 179
159 171 159 178
169 172 169 179
170 172 170 179
172 172 172 183
173 172 173 179
182 172 182 183
194 172 194 183
185 173 185 184
176 173 176 181
166 173 166 183
177 174 177 183
179 174 179 183
181 174 181 185
183 175 183 185
196 174 196 183
189 176 189 184
188 177 188 184
190 177 190 184
191 177 192 181
199 177 199 184
195 178 195 185
198 178 198 185
193 179 193 187
197 179 197 187
184 180 184 191
175 179 175 190
167 176 167 184
161 177 161 184
162 177 162 184
164 178 164 185
159 179 159 189
168 179 168 190
158 180 158 188
169 180 169 188
170 180 170 190
171 180 171 187
178 180 178 190
186 180 186 187
174 181 174 189
160 181 160 192
150 181 150 192
151 181 151 188
152 181 152 188
153 181 153 189
154 181 155 185
156 181 156 188
157 181 157 188
163 181 163 189
165 181 165 192
176 182 176 193
180 183 180 194
191 182 192 185
179 184 179 194
166 184 166 193
172 184 172 191
177 184 177 194
182 184 182 191
194 184 194 195
196 184 196 195
185 185 185 192
187 185 188 189
189 185 189 193
190 185 190 195
181 186 181 194
167 186 167 196
161 185 161 192
154 186 155 191
164 186 164 195
173 186 173 197
183 186 183 193
191 186 192 191
198 186 198 195
199 186 199 197
197 188 197 197
186 188 186 199
174 190 174 199
162 188 162 199
171 188 171 195
158 189 158 196
151 189 152 192
156 189 157 193
169 189 169 199
159 190 159 201
163 190 163 197
168 191 168 201
175 191 175 199
187 190 188 194
178 191 178 201
170 192 170 203
172 192 172 199
182 192 182 201
193 191 193 202
195 191 195 202
184 192 184 200
191 192 191 203
192 192 192 203
185 193 185 200
176 194 176 201
165 193 165 202
160 193 160 203
161 193 161 200
166 194 166 203
177 195 177 204
183 194 183 201
189 194 189 204
179 195 179 205
181 195 181 205
187 195 187 202
188 195 188 206
190 196 190 204
199 198 199 205
197 198 197 207
198 198 198 206
196 196 196 206
150 200 157 200
162 200 162 208
163 200 163 209
164 200 164 210
167 200 167 207
169 200 169 208
171 200 175 201
186 200 186 210
180 201 180 212
184 201 184 210
185 201 185 209
172 202 172 209
161 201 161 212
150 201 157 201
168 202 168 210
173 202 174 205
175 202 175 211
176 202 176 211
178 202 178 211
182 202 182 212
183 202 183 211
187 203 187 210
193 203 193 214
194 203 195 208
191 204 191 211
192 204 192 214
189 205 189 216
177 205 177 212
165 203 165 211
160 204 160 211
166 204 166 212
170 204 170 211
171 205 171 216
159 206 159 213
173 206 173 217
174 206 174 214
179 206 179 215
190 205 190 214
181 206 181 215
188 207 188 214
199 206 199 213
196 207 196 218
198 207 198 215
197 208 197 216
194 209 194 220
185 210 185 217
172 210 172 217
167 208 167 216
162 209 162 218
169 209 169 218
163 210 163 217
164 211 164 219
168 211 168 219
158 212 158 219
160 212 160 220
165 212 165 219
175 212 175 220
184 211 184 219
195 210 195 221
186 211 186 220
176 212 176 219
178 212 178 220
183 212 183 219
187 212 187 223
191 212 191 223
180 213 180 223
166 213 166 220
152 213 152 224
150 213 150 220
151 213 151 222
153 213 153 220
154 213 154 222
155 213 155 222
157 213 157 223
159 214 159 221
167 217 167 224
177 213 177 220
182 213 182 224
174 215 174 223
179 216 179 223
190 215 190 224
199 214 199 222
192 215 192 224
193 215 193 222
181 216 181 227
188 216 188 227
198 216 198 226
189 217 189 226
197 217 197 227
185 218 185 228
171 218 171 225
163 218 163 227
172 218 172 225
161 219 161 230
162 219 162 227
169 219 169 226
158 220 158 228
164 220 164 227
168 220 168 231
160 221 160 229
165 221 165 232
166 221 166 229
175 221 175 229
183 220 183 227
196 219 196 228
184 220 184 229
176 221 177 224
178 221 178 230
170 222 170 233
174 224 174 234
186 222 186 233
194 221 194 231
195 222 195 229
193 223 193 231
199 223 199 232
187 224 187 234
179 224 179 233
180 224 180 234
191 224 191 233
190 225 190 233
176 225 176 236
167 225 167 233
177 225 177 232
171 226 171 235
172 226 172 236
173 226 173 237
169 227 169 234
162 228 163 232
164 228 164 235
175 230 175 238
181 228 181 236
192 225 192 232
189 227 189 236
198 227 198 235
188 228 188 236
183 228 183 235
197 228 197 238
185 229 185 236
196 229 196 236
184 230 184 237
195 230 195 237
193 232 193 239
182 232 182 243
178 231 178 239
168 232 168 239
160 231 160 242
161 231 161 238
158 232 158 240
159 232 159 242
163 233 163 244
165 233 165 242
177 233 177 241
167 234 167 242
155 234 155 245
156 234 156 242
157 234 157 245
162 234 162 245
170 234 170 242
179 234 179 242
192 233 192 240
194 232 194 241
199 233 199 240
186 234 186 242
190 234 190 242
180 235 180 246
169 235 169 246
164 236 164 245
150 236 150 247
151 236 151 244
152 236 152 245
153 236 153 245
154 236 154 243
166 237 166 248
171 236 171 245
183 236 183 244
187 235 187 242
198 236 198 243
185 237 185 245
174 237 174 248
176 237 176 244
181 237 181 245
188 237 188 246
189 237 189 244
196 237 196 245
184 238 184 245
172 238 173 242
161 239 161 247
175 239 175 249
168 240 168 249
178 240 178 248
191 241 192 246
195 238 195 247
197 239 197 246
193 240 193 247
186 243 187 248
172 243 173 247
158 243 159 248
151 246 155 247
160 248 163 249
162 246 165 247
176 245 177 249
189 247 192 248
198 244 199 249
187 249 196 249
180 247 185 248
